# JRE version: Java(TM) SE Runtime Environment (8.0_161-b12) (build 1.8.0_161-b12)
# Java VM: Java HotSpot(TM) 64-Bit Server VM (25.161-b12 mixed mode windows-amd64 compressed oops)
Heap:
 PSYoungGen      total 84992K, used 60129K [0x00000000d5d80000, 0x00000000dc580000, 0x0000000100000000)
  eden space 76288K, 70% used [0x00000000d5d80000,0x00000000d91e20a0,0x00000000da800000)
  from space 8704K, 74% used [0x00000000db080000,0x00000000db6d6600,0x00000000db900000)
  to   space 8704K, 0% used [0x00000000da800000,0x00000000da800000,0x00000000db080000)
 ParOldGen       total 57856K, used 6866K [0x0000000081800000, 0x0000000085080000, 0x00000000d5d80000)
  object space 57856K, 11% used [0x0000000081800000,0x0000000081eb4ac8,0x0000000085080000)
 Metaspace       used 29707K, capacity 30080K, committed 30592K, reserved 1075200K
  class space    used 3746K, capacity 3847K, committed 3968K, reserved 1048576K
GC Heap History (10 events):
Event: 4.089 GC heap before
{Heap before GC invocations=5 (full 0):
 PSYoungGen      total 38400K, used 30935K [0x00000000d5d80000, 0x00000000da880000, 0x0000000100000000)
  eden space 33280K, 77% used [0x00000000d5d80000,0x00000000d76bd8b8,0x00000000d7e00000)
  from space 5120K, 99% used [0x00000000d8300000,0x00000000d87f83d8,0x00000000d8800000)
  to   space 5120K, 0% used [0x00000000d7e00000,0x00000000d7e00000,0x00000000d8300000)
 ParOldGen       total 87552K, used 3777K [0x0000000081800000, 0x0000000086d80000, 0x00000000d5d80000)
  object space 87552K, 4% used [0x0000000081800000,0x0000000081bb0780,0x0000000086d80000)
 Metaspace       used 20902K, capacity 21114K, committed 21296K, reserved 1069056K
  class space    used 2564K, capacity 2624K, committed 2688K, reserved 1048576K
Event: 4.098 GC heap after
Heap after GC invocations=5 (full 0):
 PSYoungGen      total 38400K, used 5112K [0x00000000d5d80000, 0x00000000dae80000, 0x0000000100000000)
  eden space 33280K, 0% used [0x00000000d5d80000,0x00000000d5d80000,0x00000000d7e00000)
  from space 5120K, 99% used [0x00000000d7e00000,0x00000000d82fe030,0x00000000d8300000)
  to   space 8192K, 0% used [0x00000000da680000,0x00000000da680000,0x00000000dae80000)
 ParOldGen       total 87552K, used 5540K [0x0000000081800000, 0x0000000086d80000, 0x00000000d5d80000)
  object space 87552K, 6% used [0x0000000081800000,0x0000000081d69298,0x0000000086d80000)
 Metaspace       used 20902K, capacity 21114K, committed 21296K, reserved 1069056K
  class space    used 2564K, capacity 2624K, committed 2688K, reserved 1048576K
}
Event: 4.098 GC heap before
{Heap before GC invocations=6 (full 1):
 PSYoungGen      total 38400K, used 5112K [0x00000000d5d80000, 0x00000000dae80000, 0x0000000100000000)
  eden space 33280K, 0% used [0x00000000d5d80000,0x00000000d5d80000,0x00000000d7e00000)
  from space 5120K, 99% used [0x00000000d7e00000,0x00000000d82fe030,0x00000000d8300000)
  to   space 8192K, 0% used [0x00000000da680000,0x00000000da680000,0x00000000dae80000)
 ParOldGen       total 87552K, used 5540K [0x0000000081800000, 0x0000000086d80000, 0x00000000d5d80000)
  object space 87552K, 6% used [0x0000000081800000,0x0000000081d69298,0x0000000086d80000)
 Metaspace       used 20902K, capacity 21114K, committed 21296K, reserved 1069056K
  class space    used 2564K, capacity 2624K, committed 2688K, reserved 1048576K
Event: 4.149 GC heap after
Heap after GC invocations=6 (full 1):
 PSYoungGen      total 38400K, used 0K [0x00000000d5d80000, 0x00000000dae80000, 0x0000000100000000)
  eden space 33280K, 0% used [0x00000000d5d80000,0x00000000d5d80000,0x00000000d7e00000)
  from space 5120K, 0% used [0x00000000d7e00000,0x00000000d7e00000,0x00000000d8300000)
  to   space 8192K, 0% used [0x00000000da680000,0x00000000da680000,0x00000000dae80000)
 ParOldGen       total 57856K, used 6850K [0x0000000081800000, 0x0000000085080000, 0x00000000d5d80000)
  object space 57856K, 11% used [0x0000000081800000,0x0000000081eb0ac8,0x0000000085080000)
 Metaspace       used 20902K, capacity 21114K, committed 21296K, reserved 1069056K
  class space    used 2564K, capacity 2624K, committed 2688K, reserved 1048576K
}
Event: 4.510 GC heap before
{Heap before GC invocations=7 (full 1):
 PSYoungGen      total 38400K, used 33280K [0x00000000d5d80000, 0x00000000dae80000, 0x0000000100000000)
  eden space 33280K, 100% used [0x00000000d5d80000,0x00000000d7e00000,0x00000000d7e00000)
  from space 5120K, 0% used [0x00000000d7e00000,0x00000000d7e00000,0x00000000d8300000)
  to   space 8192K, 0% used [0x00000000da680000,0x00000000da680000,0x00000000dae80000)
 ParOldGen       total 57856K, used 6850K [0x0000000081800000, 0x0000000085080000, 0x00000000d5d80000)
  object space 57856K, 11% used [0x0000000081800000,0x0000000081eb0ac8,0x0000000085080000)
 Metaspace       used 22108K, capacity 22470K, committed 22832K, reserved 1069056K
  class space    used 2735K, capacity 2840K, committed 2944K, reserved 1048576K
Event: 4.513 GC heap after
Heap after GC invocations=7 (full 1):
 PSYoungGen      total 52736K, used 1719K [0x00000000d5d80000, 0x00000000da880000, 0x0000000100000000)
  eden space 50688K, 0% used [0x00000000d5d80000,0x00000000d5d80000,0x00000000d8f00000)
  from space 2048K, 83% used [0x00000000da680000,0x00000000da82dc20,0x00000000da880000)
  to   space 9216K, 0% used [0x00000000d9680000,0x00000000d9680000,0x00000000d9f80000)
 ParOldGen       total 57856K, used 6858K [0x0000000081800000, 0x0000000085080000, 0x00000000d5d80000)
  object space 57856K, 11% used [0x0000000081800000,0x0000000081eb2ac8,0x0000000085080000)
 Metaspace       used 22108K, capacity 22470K, committed 22832K, reserved 1069056K
  class space    used 2735K, capacity 2840K, committed 2944K, reserved 1048576K
}
Event: 5.317 GC heap before
{Heap before GC invocations=8 (full 1):
 PSYoungGen      total 52736K, used 52407K [0x00000000d5d80000, 0x00000000da880000, 0x0000000100000000)
  eden space 50688K, 100% used [0x00000000d5d80000,0x00000000d8f00000,0x00000000d8f00000)
  from space 2048K, 83% used [0x00000000da680000,0x00000000da82dc20,0x00000000da880000)
  to   space 9216K, 0% used [0x00000000d9680000,0x00000000d9680000,0x00000000d9f80000)
 ParOldGen       total 57856K, used 6858K [0x0000000081800000, 0x0000000085080000, 0x00000000d5d80000)
  object space 57856K, 11% used [0x0000000081800000,0x0000000081eb2ac8,0x0000000085080000)
 Metaspace       used 24737K, capacity 25084K, committed 25216K, reserved 1071104K
  class space    used 3067K, capacity 3169K, committed 3200K, reserved 1048576K
Event: 5.324 GC heap after
Heap after GC invocations=8 (full 1):
 PSYoungGen      total 67584K, used 4710K [0x00000000d5d80000, 0x00000000db900000, 0x0000000100000000)
  eden space 58368K, 0% used [0x00000000d5d80000,0x00000000d5d80000,0x00000000d9680000)
  from space 9216K, 51% used [0x00000000d9680000,0x00000000d9b19b88,0x00000000d9f80000)
  to   space 8704K, 0% used [0x00000000db080000,0x00000000db080000,0x00000000db900000)
 ParOldGen       total 57856K, used 6866K [0x0000000081800000, 0x0000000085080000, 0x00000000d5d80000)
  object space 57856K, 11% used [0x0000000081800000,0x0000000081eb4ac8,0x0000000085080000)
 Metaspace       used 24737K, capacity 25084K, committed 25216K, reserved 1071104K
  class space    used 3067K, capacity 3169K, committed 3200K, reserved 1048576K
}
Event: 6.217 GC heap before
{Heap before GC invocations=9 (full 1):
 PSYoungGen      total 67584K, used 63078K [0x00000000d5d80000, 0x00000000db900000, 0x0000000100000000)
  eden space 58368K, 100% used [0x00000000d5d80000,0x00000000d9680000,0x00000000d9680000)
  from space 9216K, 51% used [0x00000000d9680000,0x00000000d9b19b88,0x00000000d9f80000)
  to   space 8704K, 0% used [0x00000000db080000,0x00000000db080000,0x00000000db900000)
 ParOldGen       total 57856K, used 6866K [0x0000000081800000, 0x0000000085080000, 0x00000000d5d80000)
  object space 57856K, 11% used [0x0000000081800000,0x0000000081eb4ac8,0x0000000085080000)
 Metaspace       used 27414K, capacity 27784K, committed 28160K, reserved 1073152K
  class space    used 3439K, capacity 3555K, committed 3584K, reserved 1048576K
Event: 6.232 GC heap after
Heap after GC invocations=9 (full 1):
 PSYoungGen      total 84992K, used 6489K [0x00000000d5d80000, 0x00000000dc580000, 0x0000000100000000)
  eden space 76288K, 0% used [0x00000000d5d80000,0x00000000d5d80000,0x00000000da800000)
  from space 8704K, 74% used [0x00000000db080000,0x00000000db6d6600,0x00000000db900000)
  to   space 8704K, 0% used [0x00000000da800000,0x00000000da800000,0x00000000db080000)
 ParOldGen       total 57856K, used 6866K [0x0000000081800000, 0x0000000085080000, 0x00000000d5d80000)
  object space 57856K, 11% used [0x0000000081800000,0x0000000081eb4ac8,0x0000000085080000)
 Metaspace       used 27414K, capacity 27784K, committed 28160K, reserved 1073152K
  class space    used 3439K, capacity 3555K, committed 3584K, reserved 1048576K
}

